Build started 26/02/2020 11:19:28.
     1>Project "C:\Users\grigo\Documents\Muddy-Grounds\CPP-SFMLTemplate\CPP-SFMLTemplate.vcxproj" on node 2 (Build target(s)).
     1>ClCompile:
         C:\Program Files (x86)\Microsoft Visual Studio 11.0\VC\bin\CL.exe /c /I"C:\SFML v2.4.0 (Win32 - Visual Studio 2012)\include" /ZI /nologo /W3 /WX- /Od /Oy- /D WIN32 /D _DEBUG /D _CONSOLE /D _UNICODE /D UNICODE /Gm /EHsc /RTC1 /MDd /GS /fp:precise /Zc:wchar_t /Zc:forScope /Fo"Debug\\" /Fd"Debug\vc110.pdb" /Gd /TP /analyze- /errorReport:prompt main.cpp
         main.cpp
     1>c:\users\grigo\documents\muddy-grounds\cpp-sfmltemplate\zeoflow_sfml.h(79): warning C4244: 'argument' : conversion from 'float' to 'int', possible loss of data
     1>c:\users\grigo\documents\muddy-grounds\cpp-sfmltemplate\zeoflow_sfml.h(79): warning C4244: 'argument' : conversion from 'const float' to 'int', possible loss of data
     1>c:\users\grigo\documents\muddy-grounds\cpp-sfmltemplate\main.cpp(215): warning C4244: 'argument' : conversion from 'const int' to 'float', possible loss of data
     1>c:\users\grigo\documents\muddy-grounds\cpp-sfmltemplate\main.cpp(241): warning C4244: 'argument' : conversion from 'const int' to 'float', possible loss of data
     1>c:\users\grigo\documents\muddy-grounds\cpp-sfmltemplate\main.cpp(244): warning C4244: 'argument' : conversion from 'const int' to 'float', possible loss of data
     1>c:\users\grigo\documents\muddy-grounds\cpp-sfmltemplate\main.cpp(257): warning C4244: 'argument' : conversion from 'const int' to 'float', possible loss of data
     1>c:\users\grigo\documents\muddy-grounds\cpp-sfmltemplate\main.cpp(260): warning C4244: 'argument' : conversion from 'const int' to 'float', possible loss of data
     1>c:\users\grigo\documents\muddy-grounds\cpp-sfmltemplate\main.cpp(263): warning C4244: 'argument' : conversion from 'const int' to 'float', possible loss of data
     1>c:\users\grigo\documents\muddy-grounds\cpp-sfmltemplate\main.cpp(273): warning C4244: 'argument' : conversion from 'const int' to 'float', possible loss of data
     1>c:\users\grigo\documents\muddy-grounds\cpp-sfmltemplate\main.cpp(277): warning C4244: 'argument' : conversion from 'const int' to 'float', possible loss of data
     1>c:\users\grigo\documents\muddy-grounds\cpp-sfmltemplate\main.cpp(281): warning C4244: 'argument' : conversion from 'const int' to 'float', possible loss of data
     1>c:\users\grigo\documents\muddy-grounds\cpp-sfmltemplate\main.cpp(288): warning C4244: 'argument' : conversion from 'const int' to 'float', possible loss of data
     1>c:\users\grigo\documents\muddy-grounds\cpp-sfmltemplate\main.cpp(292): warning C4244: 'argument' : conversion from 'const int' to 'float', possible loss of data
     1>c:\users\grigo\documents\muddy-grounds\cpp-sfmltemplate\main.cpp(296): warning C4244: 'argument' : conversion from 'const int' to 'float', possible loss of data
     1>c:\users\grigo\documents\muddy-grounds\cpp-sfmltemplate\main.cpp(404): warning C4244: 'argument' : conversion from 'const int' to 'float', possible loss of data
     1>c:\users\grigo\documents\muddy-grounds\cpp-sfmltemplate\main.cpp(411): warning C4244: 'argument' : conversion from 'const int' to 'float', possible loss of data
     1>c:\users\grigo\documents\muddy-grounds\cpp-sfmltemplate\main.cpp(415): warning C4244: 'argument' : conversion from 'const int' to 'float', possible loss of data
     1>c:\users\grigo\documents\muddy-grounds\cpp-sfmltemplate\main.cpp(419): warning C4244: 'argument' : conversion from 'const int' to 'float', possible loss of data
     1>c:\users\grigo\documents\muddy-grounds\cpp-sfmltemplate\main.cpp(425): warning C4244: 'argument' : conversion from 'const int' to 'float', possible loss of data
     1>c:\users\grigo\documents\muddy-grounds\cpp-sfmltemplate\main.cpp(501): warning C4244: 'argument' : conversion from 'const int' to 'float', possible loss of data
     1>c:\users\grigo\documents\muddy-grounds\cpp-sfmltemplate\main.cpp(504): warning C4244: 'argument' : conversion from 'int' to 'float', possible loss of data
     1>c:\users\grigo\documents\muddy-grounds\cpp-sfmltemplate\main.cpp(526): warning C4244: 'argument' : conversion from 'const int' to 'float', possible loss of data
     1>c:\users\grigo\documents\muddy-grounds\cpp-sfmltemplate\main.cpp(529): warning C4244: 'argument' : conversion from 'int' to 'float', possible loss of data
     1>c:\users\grigo\documents\muddy-grounds\cpp-sfmltemplate\main.cpp(551): warning C4244: 'argument' : conversion from 'const int' to 'float', possible loss of data
     1>c:\users\grigo\documents\muddy-grounds\cpp-sfmltemplate\main.cpp(554): warning C4244: 'argument' : conversion from 'int' to 'float', possible loss of data
     1>c:\users\grigo\documents\muddy-grounds\cpp-sfmltemplate\main.cpp(576): warning C4244: 'argument' : conversion from 'const int' to 'float', possible loss of data
     1>c:\users\grigo\documents\muddy-grounds\cpp-sfmltemplate\main.cpp(579): warning C4244: 'argument' : conversion from 'int' to 'float', possible loss of data
     1>c:\users\grigo\documents\muddy-grounds\cpp-sfmltemplate\main.cpp(619): warning C4244: 'argument' : conversion from 'const int' to 'float', possible loss of data
     1>c:\users\grigo\documents\muddy-grounds\cpp-sfmltemplate\main.cpp(625): warning C4244: 'argument' : conversion from 'const int' to 'float', possible loss of data
     1>c:\users\grigo\documents\muddy-grounds\cpp-sfmltemplate\main.cpp(631): warning C4244: 'argument' : conversion from 'const int' to 'float', possible loss of data
     1>c:\users\grigo\documents\muddy-grounds\cpp-sfmltemplate\main.cpp(644): warning C4244: 'argument' : conversion from 'const int' to 'float', possible loss of data
     1>c:\users\grigo\documents\muddy-grounds\cpp-sfmltemplate\main.cpp(650): warning C4244: 'argument' : conversion from 'const int' to 'float', possible loss of data
     1>c:\users\grigo\documents\muddy-grounds\cpp-sfmltemplate\main.cpp(656): warning C4244: 'argument' : conversion from 'const int' to 'float', possible loss of data
     1>c:\users\grigo\documents\muddy-grounds\cpp-sfmltemplate\main.cpp(661): warning C4244: 'argument' : conversion from 'int' to 'float', possible loss of data
     1>c:\users\grigo\documents\muddy-grounds\cpp-sfmltemplate\main.cpp(664): warning C4244: 'argument' : conversion from 'int' to 'float', possible loss of data
     1>c:\users\grigo\documents\muddy-grounds\cpp-sfmltemplate\main.cpp(699): warning C4244: 'argument' : conversion from 'const int' to 'float', possible loss of data
     1>c:\users\grigo\documents\muddy-grounds\cpp-sfmltemplate\main.cpp(708): warning C4244: 'argument' : conversion from 'const int' to 'float', possible loss of data
     1>c:\users\grigo\documents\muddy-grounds\cpp-sfmltemplate\main.cpp(730): warning C4244: 'argument' : conversion from 'const int' to 'float', possible loss of data
     1>c:\users\grigo\documents\muddy-grounds\cpp-sfmltemplate\main.cpp(734): warning C4244: 'argument' : conversion from 'const int' to 'float', possible loss of data
     1>c:\users\grigo\documents\muddy-grounds\cpp-sfmltemplate\main.cpp(738): warning C4244: 'argument' : conversion from 'const int' to 'float', possible loss of data
     1>c:\users\grigo\documents\muddy-grounds\cpp-sfmltemplate\main.cpp(761): warning C4244: 'argument' : conversion from 'const int' to 'float', possible loss of data
     1>c:\users\grigo\documents\muddy-grounds\cpp-sfmltemplate\main.cpp(767): warning C4244: 'argument' : conversion from 'const int' to 'float', possible loss of data
     1>c:\users\grigo\documents\muddy-grounds\cpp-sfmltemplate\main.cpp(773): warning C4244: 'argument' : conversion from 'const int' to 'float', possible loss of data
     1>c:\users\grigo\documents\muddy-grounds\cpp-sfmltemplate\main.cpp(784): warning C4244: 'argument' : conversion from 'const int' to 'float', possible loss of data
     1>c:\users\grigo\documents\muddy-grounds\cpp-sfmltemplate\main.cpp(790): warning C4244: 'argument' : conversion from 'const int' to 'float', possible loss of data
     1>c:\users\grigo\documents\muddy-grounds\cpp-sfmltemplate\main.cpp(796): warning C4244: 'argument' : conversion from 'const int' to 'float', possible loss of data
     1>c:\users\grigo\documents\muddy-grounds\cpp-sfmltemplate\main.cpp(841): warning C4244: 'argument' : conversion from 'const int' to 'float', possible loss of data
     1>c:\users\grigo\documents\muddy-grounds\cpp-sfmltemplate\main.cpp(845): warning C4244: 'argument' : conversion from 'const int' to 'float', possible loss of data
     1>c:\users\grigo\documents\muddy-grounds\cpp-sfmltemplate\main.cpp(849): warning C4244: 'argument' : conversion from 'const int' to 'float', possible loss of data
     1>c:\users\grigo\documents\muddy-grounds\cpp-sfmltemplate\main.cpp(862): warning C4244: 'argument' : conversion from 'const int' to 'float', possible loss of data
     1>c:\users\grigo\documents\muddy-grounds\cpp-sfmltemplate\main.cpp(868): warning C4244: 'argument' : conversion from 'const int' to 'float', possible loss of data
     1>c:\users\grigo\documents\muddy-grounds\cpp-sfmltemplate\main.cpp(874): warning C4244: 'argument' : conversion from 'const int' to 'float', possible loss of data
     1>c:\users\grigo\documents\muddy-grounds\cpp-sfmltemplate\main.cpp(879): warning C4244: 'argument' : conversion from 'int' to 'float', possible loss of data
     1>c:\users\grigo\documents\muddy-grounds\cpp-sfmltemplate\main.cpp(882): warning C4244: 'argument' : conversion from 'int' to 'float', possible loss of data
     1>c:\users\grigo\documents\muddy-grounds\cpp-sfmltemplate\main.cpp(890): warning C4018: '<' : signed/unsigned mismatch
     1>c:\users\grigo\documents\muddy-grounds\cpp-sfmltemplate\main.cpp(895): warning C4244: 'argument' : conversion from 'int' to 'float', possible loss of data
     1>c:\users\grigo\documents\muddy-grounds\cpp-sfmltemplate\main.cpp(898): warning C4244: 'argument' : conversion from 'int' to 'float', possible loss of data
     1>c:\users\grigo\documents\muddy-grounds\cpp-sfmltemplate\main.cpp(901): warning C4244: 'argument' : conversion from 'int' to 'float', possible loss of data
     1>c:\users\grigo\documents\muddy-grounds\cpp-sfmltemplate\main.cpp(904): warning C4244: 'argument' : conversion from 'int' to 'float', possible loss of data
     1>c:\users\grigo\documents\muddy-grounds\cpp-sfmltemplate\main.cpp(911): warning C4244: 'argument' : conversion from 'int' to 'float', possible loss of data
     1>c:\users\grigo\documents\muddy-grounds\cpp-sfmltemplate\main.cpp(914): warning C4244: 'argument' : conversion from 'int' to 'float', possible loss of data
     1>c:\users\grigo\documents\muddy-grounds\cpp-sfmltemplate\main.cpp(917): warning C4244: 'argument' : conversion from 'int' to 'float', possible loss of data
     1>c:\users\grigo\documents\muddy-grounds\cpp-sfmltemplate\main.cpp(920): warning C4244: 'argument' : conversion from 'int' to 'float', possible loss of data
     1>c:\users\grigo\documents\muddy-grounds\cpp-sfmltemplate\main.cpp(923): warning C4244: 'argument' : conversion from 'int' to 'float', possible loss of data
     1>c:\users\grigo\documents\muddy-grounds\cpp-sfmltemplate\main.cpp(926): warning C4244: 'argument' : conversion from 'int' to 'float', possible loss of data
     1>c:\users\grigo\documents\muddy-grounds\cpp-sfmltemplate\main.cpp(929): warning C4244: 'argument' : conversion from 'int' to 'float', possible loss of data
     1>c:\users\grigo\documents\muddy-grounds\cpp-sfmltemplate\main.cpp(932): warning C4244: 'argument' : conversion from 'int' to 'float', possible loss of data
     1>c:\users\grigo\documents\muddy-grounds\cpp-sfmltemplate\main.cpp(935): warning C4244: 'argument' : conversion from 'int' to 'float', possible loss of data
     1>c:\users\grigo\documents\muddy-grounds\cpp-sfmltemplate\main.cpp(938): warning C4244: 'argument' : conversion from 'int' to 'float', possible loss of data
     1>c:\users\grigo\documents\muddy-grounds\cpp-sfmltemplate\main.cpp(941): warning C4244: 'argument' : conversion from 'int' to 'float', possible loss of data
     1>c:\users\grigo\documents\muddy-grounds\cpp-sfmltemplate\main.cpp(944): warning C4244: 'argument' : conversion from 'int' to 'float', possible loss of data
     1>c:\users\grigo\documents\muddy-grounds\cpp-sfmltemplate\main.cpp(947): warning C4244: 'argument' : conversion from 'int' to 'float', possible loss of data
     1>c:\users\grigo\documents\muddy-grounds\cpp-sfmltemplate\main.cpp(950): warning C4244: 'argument' : conversion from 'int' to 'float', possible loss of data
     1>c:\users\grigo\documents\muddy-grounds\cpp-sfmltemplate\main.cpp(953): warning C4244: 'argument' : conversion from 'int' to 'float', possible loss of data
     1>c:\users\grigo\documents\muddy-grounds\cpp-sfmltemplate\main.cpp(956): warning C4244: 'argument' : conversion from 'int' to 'float', possible loss of data
     1>c:\users\grigo\documents\muddy-grounds\cpp-sfmltemplate\main.cpp(959): warning C4244: 'argument' : conversion from 'int' to 'float', possible loss of data
     1>c:\users\grigo\documents\muddy-grounds\cpp-sfmltemplate\main.cpp(962): warning C4244: 'argument' : conversion from 'int' to 'float', possible loss of data
     1>c:\users\grigo\documents\muddy-grounds\cpp-sfmltemplate\main.cpp(965): warning C4244: 'argument' : conversion from 'int' to 'float', possible loss of data
     1>c:\users\grigo\documents\muddy-grounds\cpp-sfmltemplate\main.cpp(968): warning C4244: 'argument' : conversion from 'int' to 'float', possible loss of data
     1>c:\users\grigo\documents\muddy-grounds\cpp-sfmltemplate\main.cpp(971): warning C4244: 'argument' : conversion from 'int' to 'float', possible loss of data
     1>c:\users\grigo\documents\muddy-grounds\cpp-sfmltemplate\main.cpp(974): warning C4244: 'argument' : conversion from 'int' to 'float', possible loss of data
     1>c:\users\grigo\documents\muddy-grounds\cpp-sfmltemplate\main.cpp(977): warning C4244: 'argument' : conversion from 'int' to 'float', possible loss of data
     1>c:\users\grigo\documents\muddy-grounds\cpp-sfmltemplate\main.cpp(980): warning C4244: 'argument' : conversion from 'int' to 'float', possible loss of data
     1>c:\users\grigo\documents\muddy-grounds\cpp-sfmltemplate\main.cpp(983): warning C4244: 'argument' : conversion from 'int' to 'float', possible loss of data
     1>c:\users\grigo\documents\muddy-grounds\cpp-sfmltemplate\main.cpp(986): warning C4244: 'argument' : conversion from 'int' to 'float', possible loss of data
     1>c:\users\grigo\documents\muddy-grounds\cpp-sfmltemplate\main.cpp(989): warning C4244: 'argument' : conversion from 'int' to 'float', possible loss of data
     1>c:\users\grigo\documents\muddy-grounds\cpp-sfmltemplate\main.cpp(992): warning C4244: 'argument' : conversion from 'int' to 'float', possible loss of data
     1>c:\users\grigo\documents\muddy-grounds\cpp-sfmltemplate\main.cpp(995): warning C4244: 'argument' : conversion from 'int' to 'float', possible loss of data
     1>c:\users\grigo\documents\muddy-grounds\cpp-sfmltemplate\main.cpp(998): warning C4244: 'argument' : conversion from 'int' to 'float', possible loss of data
     1>c:\users\grigo\documents\muddy-grounds\cpp-sfmltemplate\main.cpp(1001): warning C4244: 'argument' : conversion from 'int' to 'float', possible loss of data
     1>c:\users\grigo\documents\muddy-grounds\cpp-sfmltemplate\main.cpp(1004): warning C4244: 'argument' : conversion from 'int' to 'float', possible loss of data
     1>c:\users\grigo\documents\muddy-grounds\cpp-sfmltemplate\main.cpp(1007): warning C4244: 'argument' : conversion from 'int' to 'float', possible loss of data
     1>c:\users\grigo\documents\muddy-grounds\cpp-sfmltemplate\main.cpp(1010): warning C4244: 'argument' : conversion from 'int' to 'float', possible loss of data
     1>c:\users\grigo\documents\muddy-grounds\cpp-sfmltemplate\main.cpp(1013): warning C4244: 'argument' : conversion from 'int' to 'float', possible loss of data
     1>c:\users\grigo\documents\muddy-grounds\cpp-sfmltemplate\main.cpp(1016): warning C4244: 'argument' : conversion from 'int' to 'float', possible loss of data
     1>c:\users\grigo\documents\muddy-grounds\cpp-sfmltemplate\main.cpp(1019): warning C4244: 'argument' : conversion from 'int' to 'float', possible loss of data
     1>c:\users\grigo\documents\muddy-grounds\cpp-sfmltemplate\main.cpp(1022): warning C4244: 'argument' : conversion from 'int' to 'float', possible loss of data
     1>c:\users\grigo\documents\muddy-grounds\cpp-sfmltemplate\main.cpp(1025): warning C4244: 'argument' : conversion from 'int' to 'float', possible loss of data
     1>c:\users\grigo\documents\muddy-grounds\cpp-sfmltemplate\main.cpp(1028): warning C4244: 'argument' : conversion from 'int' to 'float', possible loss of data
     1>c:\users\grigo\documents\muddy-grounds\cpp-sfmltemplate\main.cpp(1031): warning C4244: 'argument' : conversion from 'int' to 'float', possible loss of data
     1>c:\users\grigo\documents\muddy-grounds\cpp-sfmltemplate\main.cpp(1034): warning C4244: 'argument' : conversion from 'int' to 'float', possible loss of data
     1>c:\users\grigo\documents\muddy-grounds\cpp-sfmltemplate\main.cpp(1037): warning C4244: 'argument' : conversion from 'int' to 'float', possible loss of data
     1>c:\users\grigo\documents\muddy-grounds\cpp-sfmltemplate\main.cpp(1040): warning C4244: 'argument' : conversion from 'int' to 'float', possible loss of data
     1>c:\users\grigo\documents\muddy-grounds\cpp-sfmltemplate\main.cpp(1043): warning C4244: 'argument' : conversion from 'int' to 'float', possible loss of data
     1>c:\users\grigo\documents\muddy-grounds\cpp-sfmltemplate\main.cpp(1046): warning C4244: 'argument' : conversion from 'int' to 'float', possible loss of data
     1>c:\users\grigo\documents\muddy-grounds\cpp-sfmltemplate\main.cpp(1049): warning C4244: 'argument' : conversion from 'int' to 'float', possible loss of data
     1>c:\users\grigo\documents\muddy-grounds\cpp-sfmltemplate\main.cpp(1052): warning C4244: 'argument' : conversion from 'int' to 'float', possible loss of data
     1>c:\users\grigo\documents\muddy-grounds\cpp-sfmltemplate\main.cpp(1055): warning C4244: 'argument' : conversion from 'int' to 'float', possible loss of data
     1>c:\users\grigo\documents\muddy-grounds\cpp-sfmltemplate\main.cpp(1058): warning C4244: 'argument' : conversion from 'int' to 'float', possible loss of data
     1>c:\users\grigo\documents\muddy-grounds\cpp-sfmltemplate\main.cpp(1064): warning C4244: 'argument' : conversion from 'int' to 'float', possible loss of data
     1>c:\users\grigo\documents\muddy-grounds\cpp-sfmltemplate\main.cpp(1067): warning C4244: 'argument' : conversion from 'int' to 'float', possible loss of data
     1>c:\users\grigo\documents\muddy-grounds\cpp-sfmltemplate\main.cpp(1070): warning C4244: 'argument' : conversion from 'int' to 'float', possible loss of data
     1>c:\users\grigo\documents\muddy-grounds\cpp-sfmltemplate\main.cpp(1073): warning C4244: 'argument' : conversion from 'int' to 'float', possible loss of data
     1>c:\users\grigo\documents\muddy-grounds\cpp-sfmltemplate\main.cpp(1076): warning C4244: 'argument' : conversion from 'int' to 'float', possible loss of data
     1>c:\users\grigo\documents\muddy-grounds\cpp-sfmltemplate\main.cpp(1079): warning C4244: 'argument' : conversion from 'int' to 'float', possible loss of data
     1>c:\users\grigo\documents\muddy-grounds\cpp-sfmltemplate\main.cpp(1082): warning C4244: 'argument' : conversion from 'int' to 'float', possible loss of data
     1>c:\users\grigo\documents\muddy-grounds\cpp-sfmltemplate\main.cpp(1085): warning C4244: 'argument' : conversion from 'int' to 'float', possible loss of data
     1>c:\users\grigo\documents\muddy-grounds\cpp-sfmltemplate\main.cpp(1088): warning C4244: 'argument' : conversion from 'int' to 'float', possible loss of data
     1>c:\users\grigo\documents\muddy-grounds\cpp-sfmltemplate\main.cpp(1091): warning C4244: 'argument' : conversion from 'int' to 'float', possible loss of data
     1>c:\users\grigo\documents\muddy-grounds\cpp-sfmltemplate\main.cpp(1094): warning C4244: 'argument' : conversion from 'int' to 'float', possible loss of data
     1>c:\users\grigo\documents\muddy-grounds\cpp-sfmltemplate\main.cpp(1097): warning C4244: 'argument' : conversion from 'int' to 'float', possible loss of data
     1>c:\users\grigo\documents\muddy-grounds\cpp-sfmltemplate\main.cpp(1100): warning C4244: 'argument' : conversion from 'int' to 'float', possible loss of data
     1>c:\users\grigo\documents\muddy-grounds\cpp-sfmltemplate\main.cpp(1103): warning C4244: 'argument' : conversion from 'int' to 'float', possible loss of data
     1>c:\users\grigo\documents\muddy-grounds\cpp-sfmltemplate\main.cpp(1106): warning C4244: 'argument' : conversion from 'int' to 'float', possible loss of data
     1>c:\users\grigo\documents\muddy-grounds\cpp-sfmltemplate\main.cpp(1111): warning C4244: 'argument' : conversion from 'int' to 'float', possible loss of data
     1>c:\users\grigo\documents\muddy-grounds\cpp-sfmltemplate\main.cpp(1114): warning C4244: 'argument' : conversion from 'int' to 'float', possible loss of data
     1>c:\users\grigo\documents\muddy-grounds\cpp-sfmltemplate\main.cpp(1117): warning C4244: 'argument' : conversion from 'int' to 'float', possible loss of data
     1>c:\users\grigo\documents\muddy-grounds\cpp-sfmltemplate\main.cpp(1120): warning C4244: 'argument' : conversion from 'int' to 'float', possible loss of data
     1>c:\users\grigo\documents\muddy-grounds\cpp-sfmltemplate\main.cpp(1123): warning C4244: 'argument' : conversion from 'int' to 'float', possible loss of data
     1>c:\users\grigo\documents\muddy-grounds\cpp-sfmltemplate\main.cpp(1126): warning C4244: 'argument' : conversion from 'int' to 'float', possible loss of data
     1>c:\users\grigo\documents\muddy-grounds\cpp-sfmltemplate\main.cpp(1129): warning C4244: 'argument' : conversion from 'int' to 'float', possible loss of data
     1>c:\users\grigo\documents\muddy-grounds\cpp-sfmltemplate\main.cpp(1132): warning C4244: 'argument' : conversion from 'int' to 'float', possible loss of data
     1>c:\users\grigo\documents\muddy-grounds\cpp-sfmltemplate\main.cpp(1135): warning C4244: 'argument' : conversion from 'int' to 'float', possible loss of data
     1>c:\users\grigo\documents\muddy-grounds\cpp-sfmltemplate\main.cpp(1138): warning C4244: 'argument' : conversion from 'int' to 'float', possible loss of data
     1>c:\users\grigo\documents\muddy-grounds\cpp-sfmltemplate\main.cpp(1141): warning C4244: 'argument' : conversion from 'int' to 'float', possible loss of data
     1>c:\users\grigo\documents\muddy-grounds\cpp-sfmltemplate\main.cpp(1144): warning C4244: 'argument' : conversion from 'int' to 'float', possible loss of data
     1>c:\users\grigo\documents\muddy-grounds\cpp-sfmltemplate\main.cpp(1147): warning C4244: 'argument' : conversion from 'int' to 'float', possible loss of data
     1>c:\users\grigo\documents\muddy-grounds\cpp-sfmltemplate\main.cpp(1150): warning C4244: 'argument' : conversion from 'int' to 'float', possible loss of data
     1>c:\users\grigo\documents\muddy-grounds\cpp-sfmltemplate\main.cpp(1153): warning C4244: 'argument' : conversion from 'int' to 'float', possible loss of data
     1>c:\users\grigo\documents\muddy-grounds\cpp-sfmltemplate\main.cpp(1156): warning C4244: 'argument' : conversion from 'int' to 'float', possible loss of data
     1>c:\users\grigo\documents\muddy-grounds\cpp-sfmltemplate\main.cpp(1159): warning C4244: 'argument' : conversion from 'int' to 'float', possible loss of data
     1>c:\users\grigo\documents\muddy-grounds\cpp-sfmltemplate\main.cpp(1162): warning C4244: 'argument' : conversion from 'int' to 'float', possible loss of data
     1>c:\users\grigo\documents\muddy-grounds\cpp-sfmltemplate\main.cpp(1165): warning C4244: 'argument' : conversion from 'int' to 'float', possible loss of data
     1>c:\users\grigo\documents\muddy-grounds\cpp-sfmltemplate\main.cpp(1168): warning C4244: 'argument' : conversion from 'int' to 'float', possible loss of data
     1>c:\users\grigo\documents\muddy-grounds\cpp-sfmltemplate\main.cpp(1171): warning C4244: 'argument' : conversion from 'int' to 'float', possible loss of data
     1>c:\users\grigo\documents\muddy-grounds\cpp-sfmltemplate\main.cpp(1174): warning C4244: 'argument' : conversion from 'int' to 'float', possible loss of data
     1>c:\users\grigo\documents\muddy-grounds\cpp-sfmltemplate\main.cpp(1177): warning C4244: 'argument' : conversion from 'int' to 'float', possible loss of data
     1>c:\users\grigo\documents\muddy-grounds\cpp-sfmltemplate\main.cpp(1180): warning C4244: 'argument' : conversion from 'int' to 'float', possible loss of data
     1>c:\users\grigo\documents\muddy-grounds\cpp-sfmltemplate\main.cpp(1183): warning C4244: 'argument' : conversion from 'int' to 'float', possible loss of data
     1>c:\users\grigo\documents\muddy-grounds\cpp-sfmltemplate\main.cpp(1186): warning C4244: 'argument' : conversion from 'int' to 'float', possible loss of data
     1>c:\users\grigo\documents\muddy-grounds\cpp-sfmltemplate\main.cpp(1189): warning C4244: 'argument' : conversion from 'int' to 'float', possible loss of data
     1>c:\users\grigo\documents\muddy-grounds\cpp-sfmltemplate\main.cpp(1192): warning C4244: 'argument' : conversion from 'int' to 'float', possible loss of data
     1>c:\users\grigo\documents\muddy-grounds\cpp-sfmltemplate\main.cpp(1195): warning C4244: 'argument' : conversion from 'int' to 'float', possible loss of data
     1>c:\users\grigo\documents\muddy-grounds\cpp-sfmltemplate\main.cpp(1198): warning C4244: 'argument' : conversion from 'int' to 'float', possible loss of data
     1>c:\users\grigo\documents\muddy-grounds\cpp-sfmltemplate\main.cpp(1201): warning C4244: 'argument' : conversion from 'int' to 'float', possible loss of data
     1>c:\users\grigo\documents\muddy-grounds\cpp-sfmltemplate\main.cpp(1204): warning C4244: 'argument' : conversion from 'int' to 'float', possible loss of data
     1>c:\users\grigo\documents\muddy-grounds\cpp-sfmltemplate\main.cpp(1207): warning C4244: 'argument' : conversion from 'int' to 'float', possible loss of data
     1>c:\users\grigo\documents\muddy-grounds\cpp-sfmltemplate\main.cpp(1210): warning C4244: 'argument' : conversion from 'int' to 'float', possible loss of data
       Link:
         C:\Program Files (x86)\Microsoft Visual Studio 11.0\VC\bin\link.exe /ERRORREPORT:PROMPT /OUT:"C:\Users\grigo\Documents\Muddy-Grounds\Debug\CPP-SFMLTemplate.exe" /INCREMENTAL /NOLOGO /LIBPATH:"C:\SFML v2.4.0 (Win32 - Visual Studio 2012)\lib" "sfml-system-d.lib" "sfml-graphics-d.lib" "sfml-audio-d.lib" "sfml-network-d.lib" "sfml-window-d.lib" kernel32.lib user32.lib gdi32.lib winspool.lib comdlg32.lib advapi32.lib shell32.lib ole32.lib oleaut32.lib uuid.lib odbc32.lib odbccp32.lib kernel32.lib user32.lib gdi32.lib winspool.lib comdlg32.lib advapi32.lib shell32.lib ole32.lib oleaut32.lib uuid.lib odbc32.lib odbccp32.lib /MANIFEST /MANIFESTUAC:"level='asInvoker' uiAccess='false'" /manifest:embed /DEBUG /PDB:"C:\Users\grigo\Documents\Muddy-Grounds\Debug\CPP-SFMLTemplate.pdb" /SUBSYSTEM:CONSOLE /TLBID:1 /DYNAMICBASE /NXCOMPAT /IMPLIB:"C:\Users\grigo\Documents\Muddy-Grounds\Debug\CPP-SFMLTemplate.lib" /MACHINE:X86 Debug\FileSync.obj
         Debug\main.obj
         Debug\Map.obj
         Debug\MapEditor.obj
         CPP-SFMLTemplate.vcxproj -> C:\Users\grigo\Documents\Muddy-Grounds\Debug\CPP-SFMLTemplate.exe
     1>Done Building Project "C:\Users\grigo\Documents\Muddy-Grounds\CPP-SFMLTemplate\CPP-SFMLTemplate.vcxproj" (Build target(s)).

Build succeeded.

Time Elapsed 00:00:10.64
