Build started 18/08/2020 01:49:47.
     1>Project "C:\Users\teo\Documents\Github\Fishy-Waters\Solution\CPP-SFMLTemplate\CPP-SFMLTemplate.vcxproj" on node 2 (Build target(s)).
     1>ClCompile:
         E:\PC Software\VS2012\VC\bin\CL.exe /c /I"C:\SFML v2.4.0 (Win32 - Visual Studio 2012)\include" /ZI /nologo /W3 /WX- /Od /Oy- /D WIN32 /D _DEBUG /D _CONSOLE /D _UNICODE /D UNICODE /Gm /EHsc /RTC1 /MDd /GS /fp:precise /Zc:wchar_t /Zc:forScope /Fo"Debug\\" /Fd"Debug\vc110.pdb" /Gd /TP /analyze- /errorReport:prompt game\src\main.cpp
         main.cpp
     1>c:\users\teo\documents\github\fishy-waters\solution\cpp-sfmltemplate\library\src\header\materialbutton.h(86): warning C4244: 'argument' : conversion from 'const float' to 'int', possible loss of data
     1>c:\users\teo\documents\github\fishy-waters\solution\cpp-sfmltemplate\library\src\header\levelbutton.h(83): warning C4244: 'argument' : conversion from 'const float' to 'int', possible loss of data
     1>c:\users\teo\documents\github\fishy-waters\solution\cpp-sfmltemplate\game\src\header\npc\npcharacter.h(28): warning C4244: '=' : conversion from 'int' to 'float', possible loss of data
     1>c:\users\teo\documents\github\fishy-waters\solution\cpp-sfmltemplate\game\src\header\npc\npcharacter.h(29): warning C4244: '=' : conversion from 'int' to 'float', possible loss of data
     1>c:\users\teo\documents\github\fishy-waters\solution\cpp-sfmltemplate\game\src\header\screen\gamescreen.h(152): warning C4244: 'argument' : conversion from 'int' to 'float', possible loss of data
     1>c:\users\teo\documents\github\fishy-waters\solution\cpp-sfmltemplate\game\src\header\screen\gamescreen.h(470): warning C4244: '=' : conversion from 'float' to 'int', possible loss of data
     1>c:\users\teo\documents\github\fishy-waters\solution\cpp-sfmltemplate\game\src\header\screen\gamescreen.h(471): warning C4244: '=' : conversion from 'float' to 'int', possible loss of data
     1>c:\users\teo\documents\github\fishy-waters\solution\cpp-sfmltemplate\game\src\header\screen\gamescreen.h(481): warning C4244: '=' : conversion from 'int' to 'float', possible loss of data
     1>c:\users\teo\documents\github\fishy-waters\solution\cpp-sfmltemplate\game\src\header\screen\gamescreen.h(486): warning C4244: '=' : conversion from 'int' to 'float', possible loss of data
     1>c:\users\teo\documents\github\fishy-waters\solution\cpp-sfmltemplate\game\src\header\screen\gamescreen.h(488): warning C4244: '=' : conversion from 'float' to 'int', possible loss of data
     1>c:\users\teo\documents\github\fishy-waters\solution\cpp-sfmltemplate\game\src\header\screen\gamescreen.h(489): warning C4244: '=' : conversion from 'float' to 'int', possible loss of data
     1>c:\users\teo\documents\github\fishy-waters\solution\cpp-sfmltemplate\game\src\header\screen\gamescreen.h(492): warning C4244: '=' : conversion from 'float' to 'int', possible loss of data
     1>c:\users\teo\documents\github\fishy-waters\solution\cpp-sfmltemplate\game\src\header\screen\gamescreen.h(496): warning C4244: '=' : conversion from 'float' to 'int', possible loss of data
     1>c:\users\teo\documents\github\fishy-waters\solution\cpp-sfmltemplate\game\src\header\screen\gamescreen.h(499): warning C4244: '=' : conversion from 'float' to 'int', possible loss of data
     1>c:\users\teo\documents\github\fishy-waters\solution\cpp-sfmltemplate\game\src\header\screen\gamescreen.h(500): warning C4244: '=' : conversion from 'float' to 'int', possible loss of data
     1>c:\users\teo\documents\github\fishy-waters\solution\cpp-sfmltemplate\game\src\header\screen\gamescreen.h(695): warning C4244: 'argument' : conversion from 'int' to 'float', possible loss of data
     1>c:\users\teo\documents\github\fishy-waters\solution\cpp-sfmltemplate\game\src\header\screen\gamescreen.h(757): warning C4244: '=' : conversion from 'int' to 'float', possible loss of data
     1>c:\users\teo\documents\github\fishy-waters\solution\cpp-sfmltemplate\game\src\header\screen\gamescreen.h(762): warning C4244: '=' : conversion from 'int' to 'float', possible loss of data
     1>c:\users\teo\documents\github\fishy-waters\solution\cpp-sfmltemplate\game\src\header\screen\gamescreen.h(787): warning C4244: '=' : conversion from 'int' to 'float', possible loss of data
     1>c:\users\teo\documents\github\fishy-waters\solution\cpp-sfmltemplate\game\src\header\screen\gamescreen.h(792): warning C4244: '=' : conversion from 'int' to 'float', possible loss of data
       Link:
         E:\PC Software\VS2012\VC\bin\link.exe /ERRORREPORT:PROMPT /OUT:"C:\Users\teo\Documents\Github\Fishy-Waters\Solution\Debug\Fishy Waters.exe" /INCREMENTAL /NOLOGO /LIBPATH:"C:\SFML v2.4.0 (Win32 - Visual Studio 2012)\lib" "sfml-system-d.lib" "sfml-graphics-d.lib" "sfml-audio-d.lib" "sfml-network-d.lib" "sfml-window-d.lib" kernel32.lib user32.lib gdi32.lib winspool.lib comdlg32.lib advapi32.lib shell32.lib ole32.lib oleaut32.lib uuid.lib odbc32.lib odbccp32.lib kernel32.lib user32.lib gdi32.lib winspool.lib comdlg32.lib advapi32.lib shell32.lib ole32.lib oleaut32.lib uuid.lib odbc32.lib odbccp32.lib /MANIFEST /MANIFESTUAC:"level='asInvoker' uiAccess='false'" /manifest:embed /DEBUG /PDB:"C:\Users\teo\Documents\Github\Fishy-Waters\Solution\Debug\Fishy Waters.pdb" /SUBSYSTEM:CONSOLE /TLBID:1 /DYNAMICBASE /NXCOMPAT /IMPLIB:"C:\Users\teo\Documents\Github\Fishy-Waters\Solution\Debug\Fishy Waters.lib" /MACHINE:X86 Debug\main.obj
         LINK : C:\Users\teo\Documents\Github\Fishy-Waters\Solution\Debug\Fishy Waters.exe not found or not built by the last incremental link; performing full link
         CPP-SFMLTemplate.vcxproj -> C:\Users\teo\Documents\Github\Fishy-Waters\Solution\Debug\Fishy Waters.exe
     1>Done Building Project "C:\Users\teo\Documents\Github\Fishy-Waters\Solution\CPP-SFMLTemplate\CPP-SFMLTemplate.vcxproj" (Build target(s)).

Build succeeded.

Time Elapsed 00:00:06.32
